[INFO ] 30-10-2024 00:40:42 [main] UserTest - ----------Creating User----------
[INFO ] 30-10-2024 00:40:45 [main] UserTest - ----------User is created----------
[INFO ] 30-10-2024 00:40:45 [main] UserTest - ----------Reading User info----------
[INFO ] 30-10-2024 00:40:47 [main] UserTest - ----------User info is displayed----------
[INFO ] 30-10-2024 00:40:47 [main] UserTest - ----------Updating User----------
[INFO ] 30-10-2024 00:40:48 [main] UserTest - ----------Use is Updated----------
[INFO ] 30-10-2024 00:40:49 [main] UserTest - ----------Deleting User----------
[INFO ] 30-10-2024 00:40:50 [main] UserTest - ----------User Deleted----------
[INFO ] 30-10-2024 00:44:38 [main] UserTest - ----------Creating User----------
[INFO ] 30-10-2024 00:44:41 [main] UserTest - ----------User is created----------
[INFO ] 30-10-2024 00:44:41 [main] UserTest - ----------Reading User info----------
[INFO ] 30-10-2024 00:44:43 [main] UserTest - ----------User info is displayed----------
[INFO ] 30-10-2024 00:44:43 [main] UserTest - ----------Updating User----------
[INFO ] 30-10-2024 00:44:44 [main] UserTest - ----------Use is Updated----------
[INFO ] 30-10-2024 00:44:45 [main] UserTest - ----------Deleting User----------
[INFO ] 30-10-2024 00:44:47 [main] UserTest - ----------User Deleted----------
[INFO ] 30-10-2024 15:33:11 [main] UserTest - ----------Creating User----------
[INFO ] 30-10-2024 15:33:15 [main] UserTest - ----------User is created----------
[INFO ] 30-10-2024 15:33:15 [main] UserTest - ----------Reading User info----------
[INFO ] 30-10-2024 15:33:16 [main] UserTest - ----------User info is displayed----------
[INFO ] 30-10-2024 15:33:16 [main] UserTest - ----------Updating User----------
[INFO ] 30-10-2024 15:33:17 [main] UserTest - ----------Use is Updated----------
[INFO ] 30-10-2024 15:33:19 [main] UserTest - ----------Deleting User----------
[INFO ] 30-10-2024 15:33:20 [main] UserTest - ----------User Deleted----------
[INFO ] 30-10-2024 15:53:58 [main] UserTest - ----------Creating User----------
[INFO ] 30-10-2024 15:53:59 [main] UserTest - ----------User is created----------
[INFO ] 30-10-2024 15:53:59 [main] UserTest - ----------Reading User info----------
[INFO ] 30-10-2024 15:54:00 [main] UserTest - ----------User info is displayed----------
[INFO ] 30-10-2024 15:54:00 [main] UserTest - ----------Updating User----------
[INFO ] 30-10-2024 15:54:02 [main] UserTest - ----------Use is Updated----------
[INFO ] 30-10-2024 15:54:03 [main] UserTest - ----------Deleting User----------
[INFO ] 30-10-2024 15:54:04 [main] UserTest - ----------User Deleted----------
[INFO ] 30-10-2024 18:14:05 [main] UserTest - ----------Creating User----------
[INFO ] 30-10-2024 18:14:07 [main] UserTest - ----------User is created----------
[INFO ] 30-10-2024 18:14:07 [main] UserTest - ----------Reading User info----------
[INFO ] 30-10-2024 18:14:08 [main] UserTest - ----------User info is displayed----------
[INFO ] 30-10-2024 18:14:08 [main] UserTest - ----------Updating User----------
[INFO ] 30-10-2024 18:14:09 [main] UserTest - ----------Use is Updated----------
[INFO ] 30-10-2024 18:14:10 [main] UserTest - ----------Deleting User----------
[INFO ] 30-10-2024 18:14:12 [main] UserTest - ----------User Deleted----------
[INFO ] 30-10-2024 19:14:39 [main] UserTest - ----------Creating User----------
[INFO ] 30-10-2024 19:14:40 [main] UserTest - ----------User is created----------
[INFO ] 30-10-2024 19:14:40 [main] UserTest - ----------Reading User info----------
[INFO ] 30-10-2024 19:14:42 [main] UserTest - ----------User info is displayed----------
[INFO ] 30-10-2024 19:14:42 [main] UserTest - ----------Updating User----------
[INFO ] 30-10-2024 19:14:43 [main] UserTest - ----------Use is Updated----------
[INFO ] 30-10-2024 19:14:44 [main] UserTest - ----------Deleting User----------
[INFO ] 30-10-2024 19:14:45 [main] UserTest - ----------User Deleted----------
